{
  level: 'info',
  message: 'server is up and running at port 8000',
  timestamp: '2021-07-05T18:33:27.756Z'
}
{
  level: 'info',
  message: 'server is up and running at port 8000',
  timestamp: '2021-07-05T18:34:25.112Z'
}
{
  level: 'info',
  message: 'server is up and running at port 8000',
  timestamp: '2021-07-05T18:37:46.472Z'
}
{
  level: 'info',
  message: 'server is up and running at port 8000',
  timestamp: '2021-07-05T18:44:19.823Z'
}
{
  level: 'info',
  message: 'server is up and running at port 8000',
  timestamp: '2021-07-05T18:48:38.779Z'
}
{
  level: 'info',
  message: 'server is up and running at port 8000',
  timestamp: '2021-07-05T18:49:41.241Z'
}
{
  level: 'info',
  message: 'server is up and running at port 8000',
  timestamp: '2021-07-05T19:04:14.332Z'
}
{
  level: 'info',
  message: 'server is up and running at port 8000',
  timestamp: '2021-07-05T19:04:34.372Z'
}
{
  level: 'info',
  message: 'server is up and running at port 8000',
  timestamp: '2021-07-05T19:07:23.830Z'
}
{
  level: 'info',
  message: 'server is up and running at port 8000',
  timestamp: '2021-07-05T19:12:53.845Z'
}
{
  level: 'info',
  message: 'server is up and running at port 8000',
  timestamp: '2021-07-05T19:15:11.548Z'
}
{
  level: 'info',
  message: 'server is up and running at port 8000',
  timestamp: '2021-07-05T19:17:13.737Z'
}
{
  level: 'info',
  message: 'server is up and running at port 8000',
  timestamp: '2021-07-05T19:18:49.496Z'
}
{
  level: 'info',
  message: 'server is up and running at port 8000',
  timestamp: '2021-07-05T19:19:31.088Z'
}
{
  level: 'info',
  message: 'server is up and running at port 8000',
  timestamp: '2021-07-05T19:20:52.168Z'
}
{
  level: 'info',
  message: 'server is up and running at port 8000',
  timestamp: '2021-07-05T19:21:47.462Z'
}
{
  level: 'info',
  message: 'server is up and running at port 8000',
  timestamp: '2021-07-05T19:24:24.345Z'
}
{
  level: 'info',
  message: 'server is up and running at port 8000',
  timestamp: '2021-07-05T19:24:38.975Z'
}
{
  level: 'info',
  message: 'server is up and running at port 8000',
  timestamp: '2021-07-05T19:24:42.925Z'
}
{
  level: 'info',
  message: 'server is up and running at port 8000',
  timestamp: '2021-07-05T19:25:09.060Z'
}
{
  level: 'info',
  message: 'server is up and running at port 8000',
  timestamp: '2021-07-05T19:26:15.733Z'
}
{
  level: 'info',
  message: 'server is up and running at port 8000',
  timestamp: '2021-07-05T19:26:21.764Z'
}
{
  level: 'info',
  message: 'server is up and running at port 8000',
  timestamp: '2021-07-05T19:26:23.703Z'
}
{
  level: 'info',
  message: 'server is up and running at port 8000',
  timestamp: '2021-07-05T19:27:28.610Z'
}
{
  level: 'info',
  message: 'server is up and running at port 8000',
  timestamp: '2021-07-05T19:28:02.022Z'
}
{
  level: 'info',
  message: 'server is up and running at port 8000',
  timestamp: '2021-07-05T19:28:07.592Z'
}
{
  level: 'info',
  message: 'server is up and running at port 8000',
  timestamp: '2021-07-05T19:28:42.694Z'
}
{
  level: 'info',
  message: 'server is up and running at port 8000',
  timestamp: '2021-07-05T19:28:49.672Z'
}
{
  level: 'info',
  message: 'server is up and running at port 8000',
  timestamp: '2021-07-05T19:31:34.505Z'
}
{
  level: 'info',
  message: 'server is up and running at port 8000',
  timestamp: '2021-07-05T19:31:54.382Z'
}
{
  level: 'info',
  message: 'server is up and running at port 8000',
  timestamp: '2021-07-05T19:31:57.731Z'
}
{
  level: 'info',
  message: 'server is up and running at port 8000',
  timestamp: '2021-07-05T19:32:19.995Z'
}
{
  level: 'info',
  message: 'server is up and running at port 8000',
  timestamp: '2021-07-05T19:32:28.190Z'
}
{
  level: 'info',
  message: 'server is up and running at port 8000',
  timestamp: '2021-07-05T19:32:39.376Z'
}
{
  level: 'info',
  message: 'server is up and running at port 8000',
  timestamp: '2021-07-05T19:38:45.371Z'
}
{
  level: 'info',
  message: 'server is up and running at port 8000',
  timestamp: '2021-07-05T19:39:38.722Z'
}
{
  level: 'info',
  message: 'server is up and running at port 8000',
  timestamp: '2021-07-05T19:39:45.400Z'
}
{
  level: 'info',
  message: 'server is up and running at port 8000',
  timestamp: '2021-07-05T19:39:56.767Z'
}
{
  level: 'info',
  message: 'server is up and running at port 8000',
  timestamp: '2021-07-05T19:39:59.722Z'
}
{
  level: 'info',
  message: 'server is up and running at port 8000',
  timestamp: '2021-07-05T19:40:07.059Z'
}
{
  level: 'info',
  message: 'server is up and running at port 8000',
  timestamp: '2021-07-05T19:40:21.705Z'
}
{
  level: 'info',
  message: 'server is up and running at port 8000',
  timestamp: '2021-07-05T19:40:49.481Z'
}
{
  level: 'info',
  message: 'server is up and running at port 8000',
  timestamp: '2021-07-05T19:40:55.303Z'
}
{
  level: 'info',
  message: 'server is up and running at port 8000',
  timestamp: '2021-07-05T19:41:16.548Z'
}
{
  level: 'info',
  message: 'server is up and running at port 8000',
  timestamp: '2021-07-05T19:41:24.944Z'
}
{
  level: 'info',
  message: 'server is up and running at port 8000',
  timestamp: '2021-07-05T19:41:28.923Z'
}
{
  level: 'info',
  message: 'server is up and running at port 8000',
  timestamp: '2021-07-05T19:42:29.746Z'
}
{
  level: 'info',
  message: 'server is up and running at port 8000',
  timestamp: '2021-07-05T19:43:44.765Z'
}
{
  level: 'info',
  message: 'server is up and running at port 8000',
  timestamp: '2021-07-05T19:57:15.680Z'
}
{
  level: 'info',
  message: 'server is up and running at port 8000',
  timestamp: '2021-07-05T20:02:50.875Z'
}
{
  level: 'info',
  message: 'server is up and running at port 8000',
  timestamp: '2021-07-05T20:07:02.121Z'
}
{
  level: 'info',
  message: 'server is up and running at port 8000',
  timestamp: '2021-07-05T20:07:21.186Z'
}
{
  level: 'info',
  message: 'server is up and running at port 8000',
  timestamp: '2021-07-05T20:11:55.444Z'
}
{
  level: 'info',
  message: 'server is up and running at port 8000',
  timestamp: '2021-07-05T20:16:12.847Z'
}
{
  level: 'info',
  message: 'server is up and running at port 8000',
  timestamp: '2021-07-05T20:16:22.310Z'
}
{
  level: 'info',
  message: 'server is up and running at port 8000',
  timestamp: '2021-07-05T20:16:40.074Z'
}
{
  level: 'info',
  message: 'server is up and running at port 8000',
  timestamp: '2021-07-05T20:17:14.089Z'
}
{
  level: 'info',
  message: 'server is up and running at port 8000',
  timestamp: '2021-07-05T20:17:30.440Z'
}
{
  level: 'info',
  message: 'server is up and running at port 8000',
  timestamp: '2021-07-05T20:18:03.944Z'
}
{
  level: 'info',
  message: 'server is up and running at port 8000',
  timestamp: '2021-07-05T20:18:23.129Z'
}
{
  level: 'info',
  message: 'server is up and running at port 8000',
  timestamp: '2021-07-05T20:18:28.611Z'
}
{
  level: 'info',
  message: 'server is up and running at port 8000',
  timestamp: '2021-07-05T20:18:45.392Z'
}
{
  level: 'info',
  message: 'server is up and running at port 8000',
  timestamp: '2021-07-05T20:19:46.103Z'
}
{
  level: 'info',
  message: 'server is up and running at port 8000',
  timestamp: '2021-07-05T20:19:52.157Z'
}
{
  level: 'info',
  message: 'server is up and running at port 8000',
  timestamp: '2021-07-05T20:22:47.843Z'
}
{
  level: 'info',
  message: 'server is up and running at port 8000',
  timestamp: '2021-07-05T20:22:58.392Z'
}
{
  level: 'info',
  message: 'server is up and running at port 8000',
  timestamp: '2021-07-05T20:23:47.473Z'
}
{
  level: 'info',
  message: 'server is up and running at port 8000',
  timestamp: '2021-07-05T20:24:12.152Z'
}
{
  level: 'info',
  message: 'server is up and running at port 8000',
  timestamp: '2021-07-05T20:24:34.012Z'
}
{
  level: 'info',
  message: 'server is up and running at port 8000',
  timestamp: '2021-07-05T20:24:37.104Z'
}
{
  level: 'info',
  message: 'server is up and running at port 8000',
  timestamp: '2021-07-05T20:26:26.650Z'
}
{
  level: 'info',
  message: 'server is up and running at port 8000',
  timestamp: '2021-07-05T20:26:59.117Z'
}
{
  level: 'info',
  message: 'server is up and running at port 8000',
  timestamp: '2021-07-05T20:27:17.602Z'
}
{
  level: 'info',
  message: 'server is up and running at port 8000',
  timestamp: '2021-07-05T20:29:10.396Z'
}
{
  level: 'info',
  message: 'server is up and running at port 8000',
  timestamp: '2021-07-05T20:30:36.307Z'
}
{
  level: 'info',
  message: 'server is up and running at port 8000',
  timestamp: '2021-07-05T20:31:22.937Z'
}
{
  level: 'info',
  message: 'server is up and running at port 8000',
  timestamp: '2021-07-05T20:32:43.534Z'
}
{
  level: 'info',
  message: 'server is up and running at port 8000',
  timestamp: '2021-07-05T20:41:41.567Z'
}
{
  level: 'info',
  message: 'server is up and running at port 8000',
  timestamp: '2021-07-05T20:42:20.387Z'
}
{
  level: 'info',
  message: 'server is up and running at port 8000',
  timestamp: '2021-07-05T20:42:26.193Z'
}
{
  level: 'info',
  message: 'server is up and running at port 8000',
  timestamp: '2021-07-05T20:42:31.233Z'
}
{
  level: 'info',
  message: 'server is up and running at port 8000',
  timestamp: '2021-07-05T20:42:33.725Z'
}
{
  level: 'info',
  message: 'server is up and running at port 8000',
  timestamp: '2021-07-05T20:42:37.939Z'
}
{
  level: 'info',
  message: 'server is up and running at port 8000',
  timestamp: '2021-07-05T20:42:43.361Z'
}
{
  level: 'info',
  message: 'server is up and running at port 8000',
  timestamp: '2021-07-05T20:42:54.208Z'
}
{
  level: 'info',
  message: 'server is up and running at port 8000',
  timestamp: '2021-07-05T20:43:03.639Z'
}
{
  level: 'info',
  message: 'server is up and running at port 8000',
  timestamp: '2021-07-05T20:43:16.730Z'
}
{
  level: 'info',
  message: 'server is up and running at port 8000',
  timestamp: '2021-07-05T20:43:21.377Z'
}
{
  level: 'info',
  message: 'server is up and running at port 8000',
  timestamp: '2021-07-05T20:43:30.653Z'
}
{
  level: 'info',
  message: 'server is up and running at port 8000',
  timestamp: '2021-07-05T20:45:30.124Z'
}
{
  level: 'info',
  message: 'server is up and running at port 8000',
  timestamp: '2021-07-05T20:47:10.238Z'
}
{
  level: 'info',
  message: 'server is up and running at port 8000',
  timestamp: '2021-07-05T20:48:25.237Z'
}
{
  level: 'info',
  message: 'server is up and running at port 8000',
  timestamp: '2021-07-05T20:49:30.201Z'
}
{
  level: 'info',
  message: 'server is up and running at port 8000',
  timestamp: '2021-07-05T20:55:22.998Z'
}
{
  level: 'info',
  message: 'server is up and running at port 8000',
  timestamp: '2021-07-05T20:56:10.254Z'
}
{
  level: 'info',
  message: 'server is up and running at port 8000',
  timestamp: '2021-07-05T20:57:37.924Z'
}
{
  level: 'info',
  message: 'server is up and running at port 8000',
  timestamp: '2021-07-05T20:59:27.205Z'
}
{
  level: 'info',
  message: 'server is up and running at port 8000',
  timestamp: '2021-07-05T21:01:20.941Z'
}
{
  level: 'info',
  message: 'server is up and running at port 8000',
  timestamp: '2021-07-05T21:02:18.569Z'
}
{
  level: 'info',
  message: 'server is up and running at port 8000',
  timestamp: '2021-07-05T21:03:36.634Z'
}
{
  level: 'info',
  message: 'server is up and running at port 8000',
  timestamp: '2021-07-05T21:06:40.726Z'
}
{
  level: 'info',
  message: 'server is up and running at port 8000',
  timestamp: '2021-07-05T21:08:59.786Z'
}
{
  level: 'info',
  message: 'server is up and running at port 8000',
  timestamp: '2021-07-05T21:09:06.052Z'
}
{
  level: 'info',
  message: 'server is up and running at port 8000',
  timestamp: '2021-07-05T21:09:20.066Z'
}
{
  level: 'info',
  message: 'server is up and running at port 8000',
  timestamp: '2021-07-05T21:09:27.555Z'
}
{
  level: 'info',
  message: 'server is up and running at port 8000',
  timestamp: '2021-07-05T21:09:30.947Z'
}
{
  level: 'info',
  message: 'server is up and running at port 8000',
  timestamp: '2021-07-05T21:10:28.424Z'
}
{
  level: 'info',
  message: 'server is up and running at port 8000',
  timestamp: '2021-07-05T21:10:44.618Z'
}
{
  level: 'info',
  message: 'server is up and running at port 8000',
  timestamp: '2021-07-05T21:10:57.028Z'
}
{
  level: 'info',
  message: 'server is up and running at port 8000',
  timestamp: '2021-07-05T21:12:29.057Z'
}
{
  level: 'info',
  message: 'server is up and running at port 8000',
  timestamp: '2021-07-05T21:13:37.231Z'
}
{
  level: 'info',
  message: 'server is up and running at port 8000',
  timestamp: '2021-07-05T21:14:39.477Z'
}
{
  level: 'info',
  message: 'server is up and running at port 8000',
  timestamp: '2021-07-05T21:16:08.912Z'
}
{
  level: 'info',
  message: 'server is up and running at port 8000',
  timestamp: '2021-07-05T21:23:01.512Z'
}
{
  level: 'info',
  message: 'server is up and running at port 8000',
  timestamp: '2021-07-05T21:35:02.168Z'
}
{
  level: 'info',
  message: 'server is up and running at port 8000',
  timestamp: '2021-07-05T21:38:32.397Z'
}
{
  level: 'info',
  message: 'server is up and running at port 8000',
  timestamp: '2021-07-05T21:39:04.012Z'
}
{
  level: 'info',
  message: 'server is up and running at port 8000',
  timestamp: '2021-07-05T21:40:17.333Z'
}
{
  level: 'info',
  message: 'server is up and running at port 8000',
  timestamp: '2021-07-05T21:40:59.293Z'
}
{
  level: 'info',
  message: 'server is up and running at port 8000',
  timestamp: '2021-07-05T21:41:00.973Z'
}
{
  level: 'info',
  message: 'server is up and running at port 8000',
  timestamp: '2021-07-05T21:41:21.102Z'
}
{
  level: 'info',
  message: 'server is up and running at port 8000',
  timestamp: '2021-07-05T21:42:12.626Z'
}
{
  level: 'info',
  message: 'server is up and running at port 8000',
  timestamp: '2021-07-05T21:42:46.704Z'
}
{
  level: 'info',
  message: 'server is up and running at port 8000',
  timestamp: '2021-07-05T21:43:02.131Z'
}
{
  level: 'info',
  message: 'server is up and running at port 8000',
  timestamp: '2021-07-05T21:43:34.394Z'
}
{
  level: 'info',
  message: 'server is up and running at port 8000',
  timestamp: '2021-07-05T21:44:07.296Z'
}
{
  level: 'info',
  message: 'server is up and running at port 8000',
  timestamp: '2021-07-05T21:44:09.681Z'
}
{
  level: 'info',
  message: 'server is up and running at port 8000',
  timestamp: '2021-07-05T21:44:18.745Z'
}
{
  level: 'info',
  message: 'server is up and running at port 8000',
  timestamp: '2021-07-05T21:46:10.662Z'
}
{
  level: 'info',
  message: 'server is up and running at port 8000',
  timestamp: '2021-07-05T21:46:16.071Z'
}
{
  level: 'info',
  message: 'server is up and running at port 8000',
  timestamp: '2021-07-05T21:46:36.200Z'
}
{
  level: 'info',
  message: 'server is up and running at port 8000',
  timestamp: '2021-07-05T21:46:48.418Z'
}
{
  level: 'info',
  message: 'server is up and running at port 8000',
  timestamp: '2021-07-05T21:51:15.485Z'
}
{
  level: 'info',
  message: 'server is up and running at port 8000',
  timestamp: '2021-07-05T21:55:57.217Z'
}
{
  level: 'info',
  message: 'server is up and running at port 8000',
  timestamp: '2021-07-05T21:56:08.791Z'
}
{
  level: 'info',
  message: 'server is up and running at port 8000',
  timestamp: '2021-07-05T21:58:10.290Z'
}
