{
  level: 'info',
  message: 'server is up and running at port 8000',
  timestamp: '2021-07-05T05:53:25.506Z'
}
{
  level: 'info',
  message: 'server is up and running at port 8000',
  timestamp: '2021-07-05T05:53:49.176Z'
}
{
  level: 'info',
  message: 'server is up and running at port 8000',
  timestamp: '2021-07-05T05:57:19.931Z'
}
{
  level: 'info',
  message: 'server is up and running at port 8000',
  timestamp: '2021-07-05T05:59:17.969Z'
}
{
  level: 'info',
  message: 'server is up and running at port 8000',
  timestamp: '2021-07-05T06:37:44.987Z'
}
{
  level: 'info',
  message: 'server is up and running at port 8000',
  timestamp: '2021-07-05T06:42:44.268Z'
}
{
  level: 'info',
  message: 'server is up and running at port 8000',
  timestamp: '2021-07-05T06:43:22.863Z'
}
{
  level: 'info',
  message: 'server is up and running at port 8000',
  timestamp: '2021-07-05T06:44:52.090Z'
}
{
  level: 'info',
  message: 'server is up and running at port 8000',
  timestamp: '2021-07-05T06:45:10.736Z'
}
{
  level: 'info',
  message: 'server is up and running at port 8000',
  timestamp: '2021-07-05T06:48:36.573Z'
}
{
  level: 'info',
  message: 'server is up and running at port 8000',
  timestamp: '2021-07-05T06:48:38.266Z'
}
{
  level: 'info',
  message: 'server is up and running at port 8000',
  timestamp: '2021-07-05T06:49:04.162Z'
}
{
  level: 'info',
  message: 'server is up and running at port 8000',
  timestamp: '2021-07-05T06:51:27.227Z'
}
{
  level: 'info',
  message: 'server is up and running at port 8000',
  timestamp: '2021-07-05T06:52:38.649Z'
}
{
  level: 'info',
  message: 'server is up and running at port 8000',
  timestamp: '2021-07-05T06:52:44.104Z'
}
{
  level: 'info',
  message: 'server is up and running at port 8000',
  timestamp: '2021-07-05T08:04:23.695Z'
}
{
  level: 'info',
  message: 'server is up and running at port 8000',
  timestamp: '2021-07-05T08:09:48.252Z'
}
{
  level: 'info',
  message: 'server is up and running at port 8000',
  timestamp: '2021-07-05T08:12:52.900Z'
}
{
  level: 'info',
  message: 'server is up and running at port 8000',
  timestamp: '2021-07-05T08:19:28.810Z'
}
{
  level: 'info',
  message: 'server is up and running at port 8000',
  timestamp: '2021-07-05T08:23:12.338Z'
}
{
  level: 'info',
  message: 'server is up and running at port 8000',
  timestamp: '2021-07-05T08:23:13.999Z'
}
{
  level: 'info',
  message: 'server is up and running at port 8000',
  timestamp: '2021-07-05T08:23:18.750Z'
}
{
  level: 'info',
  message: 'server is up and running at port 8000',
  timestamp: '2021-07-05T08:23:24.386Z'
}
{
  level: 'info',
  message: 'server is up and running at port 8000',
  timestamp: '2021-07-05T08:23:35.921Z'
}
{
  level: 'info',
  message: 'server is up and running at port 8000',
  timestamp: '2021-07-05T08:23:43.184Z'
}
{
  level: 'info',
  message: 'server is up and running at port 8000',
  timestamp: '2021-07-05T08:25:59.645Z'
}
{
  level: 'info',
  message: 'server is up and running at port 8000',
  timestamp: '2021-07-05T11:03:36.766Z'
}
{
  level: 'info',
  message: 'server is up and running at port 8000',
  timestamp: '2021-07-05T11:20:50.997Z'
}
{
  level: 'info',
  message: 'server is up and running at port 8000',
  timestamp: '2021-07-05T11:21:35.317Z'
}
{
  level: 'info',
  message: 'server is up and running at port 8000',
  timestamp: '2021-07-05T11:28:00.784Z'
}
{
  level: 'info',
  message: 'server is up and running at port 8000',
  timestamp: '2021-07-05T11:29:05.787Z'
}
{
  level: 'info',
  message: 'server is up and running at port 8000',
  timestamp: '2021-07-05T11:31:58.496Z'
}
{
  level: 'info',
  message: 'server is up and running at port 8000',
  timestamp: '2021-07-05T11:39:02.777Z'
}
{
  level: 'info',
  message: 'server is up and running at port 8000',
  timestamp: '2021-07-05T11:44:05.935Z'
}
{
  level: 'info',
  message: 'server is up and running at port 8000',
  timestamp: '2021-07-05T11:45:50.959Z'
}
{
  level: 'info',
  message: 'server is up and running at port 8000',
  timestamp: '2021-07-05T11:47:43.234Z'
}
{
  level: 'info',
  message: 'server is up and running at port 8000',
  timestamp: '2021-07-05T11:48:14.852Z'
}
{
  level: 'info',
  message: 'server is up and running at port 8000',
  timestamp: '2021-07-05T11:48:46.695Z'
}
{
  level: 'info',
  message: 'server is up and running at port 8000',
  timestamp: '2021-07-05T11:49:43.424Z'
}
{
  level: 'info',
  message: 'server is up and running at port 8000',
  timestamp: '2021-07-05T11:50:22.371Z'
}
{
  level: 'info',
  message: 'server is up and running at port 8000',
  timestamp: '2021-07-05T11:51:35.658Z'
}
{
  level: 'info',
  message: 'server is up and running at port 8000',
  timestamp: '2021-07-05T11:53:16.249Z'
}
{
  level: 'info',
  message: 'server is up and running at port 8000',
  timestamp: '2021-07-05T11:54:01.177Z'
}
{
  level: 'info',
  message: 'server is up and running at port 8000',
  timestamp: '2021-07-05T11:57:18.624Z'
}
{
  level: 'info',
  message: 'server is up and running at port 8000',
  timestamp: '2021-07-05T12:00:07.124Z'
}
{
  level: 'info',
  message: 'server is up and running at port 8000',
  timestamp: '2021-07-05T12:01:06.172Z'
}
{
  level: 'info',
  message: 'server is up and running at port 8000',
  timestamp: '2021-07-05T12:07:35.696Z'
}
{
  level: 'info',
  message: 'server is up and running at port 8000',
  timestamp: '2021-07-05T12:09:03.210Z'
}
{
  level: 'info',
  message: 'server is up and running at port 8000',
  timestamp: '2021-07-05T12:10:37.511Z'
}
{
  level: 'info',
  message: 'server is up and running at port 8000',
  timestamp: '2021-07-05T12:15:06.352Z'
}
{
  level: 'info',
  message: 'server is up and running at port 8000',
  timestamp: '2021-07-05T12:19:46.401Z'
}
{
  level: 'info',
  message: 'server is up and running at port 8000',
  timestamp: '2021-07-05T12:32:04.283Z'
}
{
  level: 'info',
  message: 'server is up and running at port 8000',
  timestamp: '2021-07-05T12:36:12.422Z'
}
{
  level: 'info',
  message: 'server is up and running at port 8000',
  timestamp: '2021-07-05T12:38:09.950Z'
}
{
  level: 'info',
  message: 'server is up and running at port 8000',
  timestamp: '2021-07-05T12:41:20.655Z'
}
{
  level: 'info',
  message: 'server is up and running at port 8000',
  timestamp: '2021-07-05T12:41:49.632Z'
}
{
  level: 'info',
  message: 'server is up and running at port 8000',
  timestamp: '2021-07-05T12:43:48.880Z'
}
{
  level: 'info',
  message: 'server is up and running at port 8000',
  timestamp: '2021-07-05T12:44:47.325Z'
}
{
  level: 'info',
  message: 'server is up and running at port 8000',
  timestamp: '2021-07-05T13:19:25.448Z'
}
{
  level: 'info',
  message: 'server is up and running at port 8000',
  timestamp: '2021-07-05T13:23:36.645Z'
}
{
  level: 'info',
  message: 'server is up and running at port 8000',
  timestamp: '2021-07-05T13:23:43.820Z'
}
{
  level: 'info',
  message: 'server is up and running at port 8000',
  timestamp: '2021-07-05T13:26:59.335Z'
}
{
  level: 'info',
  message: 'server is up and running at port 8000',
  timestamp: '2021-07-05T13:28:13.139Z'
}
{
  level: 'info',
  message: 'server is up and running at port 8000',
  timestamp: '2021-07-05T13:31:09.370Z'
}
{
  level: 'info',
  message: 'server is up and running at port 8000',
  timestamp: '2021-07-05T13:33:21.215Z'
}
{
  level: 'info',
  message: 'server is up and running at port 8000',
  timestamp: '2021-07-05T13:37:10.679Z'
}
{
  level: 'info',
  message: 'server is up and running at port 8000',
  timestamp: '2021-07-05T13:42:28.145Z'
}
{
  level: 'info',
  message: 'server is up and running at port 8000',
  timestamp: '2021-07-05T13:54:52.035Z'
}
{
  level: 'info',
  message: 'server is up and running at port 8000',
  timestamp: '2021-07-05T13:56:08.717Z'
}
{
  level: 'info',
  message: 'server is up and running at port 8000',
  timestamp: '2021-07-05T13:57:22.955Z'
}
{
  level: 'info',
  message: 'server is up and running at port 8000',
  timestamp: '2021-07-05T13:57:30.383Z'
}
{
  level: 'info',
  message: 'server is up and running at port 8000',
  timestamp: '2021-07-05T13:57:31.971Z'
}
{
  level: 'info',
  message: 'server is up and running at port 8000',
  timestamp: '2021-07-05T14:00:11.234Z'
}
{
  level: 'info',
  message: 'server is up and running at port 8000',
  timestamp: '2021-07-05T14:02:07.409Z'
}
{
  level: 'info',
  message: 'server is up and running at port 8000',
  timestamp: '2021-07-05T14:02:26.327Z'
}
{
  level: 'info',
  message: 'server is up and running at port 8000',
  timestamp: '2021-07-05T14:02:31.624Z'
}
{
  level: 'info',
  message: 'server is up and running at port 8000',
  timestamp: '2021-07-05T14:02:44.376Z'
}
{
  level: 'info',
  message: 'server is up and running at port 8000',
  timestamp: '2021-07-05T14:03:03.289Z'
}
{
  level: 'info',
  message: 'server is up and running at port 8000',
  timestamp: '2021-07-05T14:03:06.213Z'
}
{
  level: 'info',
  message: 'server is up and running at port 8000',
  timestamp: '2021-07-05T14:03:32.833Z'
}
{
  level: 'info',
  message: 'server is up and running at port 8000',
  timestamp: '2021-07-05T14:03:42.307Z'
}
{
  level: 'info',
  message: 'server is up and running at port 8000',
  timestamp: '2021-07-05T14:03:45.577Z'
}
{
  level: 'info',
  message: 'server is up and running at port 8000',
  timestamp: '2021-07-05T14:03:52.139Z'
}
{
  level: 'info',
  message: 'server is up and running at port 8000',
  timestamp: '2021-07-05T14:04:48.872Z'
}
{
  level: 'info',
  message: 'server is up and running at port 8000',
  timestamp: '2021-07-05T14:04:58.404Z'
}
{
  level: 'info',
  message: 'server is up and running at port 8000',
  timestamp: '2021-07-05T14:05:01.698Z'
}
{
  level: 'info',
  message: 'server is up and running at port 8000',
  timestamp: '2021-07-05T14:05:23.806Z'
}
{
  level: 'info',
  message: 'server is up and running at port 8000',
  timestamp: '2021-07-05T14:06:34.026Z'
}
{
  level: 'info',
  message: 'server is up and running at port 8000',
  timestamp: '2021-07-05T14:07:06.347Z'
}
{
  level: 'info',
  message: 'server is up and running at port 8000',
  timestamp: '2021-07-05T14:07:08.288Z'
}
{
  level: 'info',
  message: 'server is up and running at port 8000',
  timestamp: '2021-07-05T15:44:25.985Z'
}
{
  level: 'info',
  message: 'server is up and running at port 8000',
  timestamp: '2021-07-05T15:46:05.173Z'
}
{
  level: 'info',
  message: 'server is up and running at port 8000',
  timestamp: '2021-07-05T15:47:04.249Z'
}
{
  level: 'info',
  message: 'server is up and running at port 8000',
  timestamp: '2021-07-05T15:49:27.599Z'
}
{
  level: 'info',
  message: 'server is up and running at port 8000',
  timestamp: '2021-07-05T15:49:48.828Z'
}
{
  level: 'info',
  message: 'server is up and running at port 8000',
  timestamp: '2021-07-05T15:51:21.414Z'
}
{
  level: 'info',
  message: 'server is up and running at port 8000',
  timestamp: '2021-07-05T15:51:57.989Z'
}
{
  level: 'info',
  message: 'server is up and running at port 8000',
  timestamp: '2021-07-05T15:52:01.052Z'
}
{
  level: 'info',
  message: 'server is up and running at port 8000',
  timestamp: '2021-07-05T15:52:46.781Z'
}
{
  level: 'info',
  message: 'server is up and running at port 8000',
  timestamp: '2021-07-05T16:12:58.571Z'
}
{
  level: 'info',
  message: 'server is up and running at port 8000',
  timestamp: '2021-07-05T16:54:59.688Z'
}
{
  level: 'info',
  message: 'server is up and running at port 8000',
  timestamp: '2021-07-05T17:01:42.375Z'
}
{
  level: 'info',
  message: 'server is up and running at port 8000',
  timestamp: '2021-07-05T17:15:26.955Z'
}
{
  level: 'info',
  message: 'server is up and running at port 8000',
  timestamp: '2021-07-05T17:15:45.976Z'
}
{
  level: 'info',
  message: 'server is up and running at port 8000',
  timestamp: '2021-07-05T17:15:56.065Z'
}
{
  level: 'info',
  message: 'server is up and running at port 8000',
  timestamp: '2021-07-05T17:16:11.370Z'
}
{
  level: 'info',
  message: 'server is up and running at port 8000',
  timestamp: '2021-07-05T17:16:28.921Z'
}
{
  level: 'info',
  message: 'server is up and running at port 8000',
  timestamp: '2021-07-05T17:16:51.657Z'
}
{
  level: 'info',
  message: 'server is up and running at port 8000',
  timestamp: '2021-07-05T17:17:17.038Z'
}
{
  level: 'info',
  message: 'server is up and running at port 8000',
  timestamp: '2021-07-05T17:28:26.694Z'
}
{
  level: 'info',
  message: 'server is up and running at port 8000',
  timestamp: '2021-07-05T17:29:26.091Z'
}
{
  level: 'info',
  message: 'server is up and running at port 8000',
  timestamp: '2021-07-05T17:29:41.254Z'
}
{
  level: 'info',
  message: 'server is up and running at port 8000',
  timestamp: '2021-07-05T17:30:42.181Z'
}
{
  level: 'info',
  message: 'server is up and running at port 8000',
  timestamp: '2021-07-05T17:31:07.300Z'
}
{
  level: 'info',
  message: 'server is up and running at port 8000',
  timestamp: '2021-07-05T17:32:24.398Z'
}
{
  level: 'info',
  message: 'server is up and running at port 8000',
  timestamp: '2021-07-05T17:33:09.647Z'
}
{
  level: 'info',
  message: 'server is up and running at port 8000',
  timestamp: '2021-07-05T17:33:35.318Z'
}
{
  level: 'info',
  message: 'server is up and running at port 8000',
  timestamp: '2021-07-05T17:35:06.780Z'
}
{
  level: 'info',
  message: 'server is up and running at port 8000',
  timestamp: '2021-07-05T17:35:22.560Z'
}
{
  level: 'info',
  message: 'server is up and running at port 8000',
  timestamp: '2021-07-05T17:35:36.935Z'
}
{
  level: 'info',
  message: 'server is up and running at port 8000',
  timestamp: '2021-07-05T17:36:19.002Z'
}
{
  level: 'info',
  message: 'server is up and running at port 8000',
  timestamp: '2021-07-05T17:36:23.945Z'
}
{
  level: 'info',
  message: 'server is up and running at port 8000',
  timestamp: '2021-07-05T17:37:20.623Z'
}
{
  level: 'info',
  message: 'server is up and running at port 8000',
  timestamp: '2021-07-05T17:37:33.180Z'
}
{
  level: 'info',
  message: 'server is up and running at port 8000',
  timestamp: '2021-07-05T17:38:39.514Z'
}
{
  level: 'info',
  message: 'server is up and running at port 8000',
  timestamp: '2021-07-05T17:39:07.219Z'
}
{
  level: 'info',
  message: 'server is up and running at port 8000',
  timestamp: '2021-07-05T17:39:27.242Z'
}
{
  level: 'info',
  message: 'server is up and running at port 8000',
  timestamp: '2021-07-05T17:40:21.860Z'
}
{
  level: 'info',
  message: 'server is up and running at port 8000',
  timestamp: '2021-07-05T17:41:09.290Z'
}
{
  level: 'info',
  message: 'server is up and running at port 8000',
  timestamp: '2021-07-05T17:41:24.036Z'
}
{
  level: 'info',
  message: 'server is up and running at port 8000',
  timestamp: '2021-07-05T17:41:48.048Z'
}
{
  level: 'info',
  message: 'server is up and running at port 8000',
  timestamp: '2021-07-05T17:42:33.215Z'
}
{
  level: 'info',
  message: 'server is up and running at port 8000',
  timestamp: '2021-07-05T17:42:53.618Z'
}
{
  level: 'info',
  message: 'server is up and running at port 8000',
  timestamp: '2021-07-05T17:43:24.862Z'
}
{
  level: 'info',
  message: 'server is up and running at port 8000',
  timestamp: '2021-07-05T17:43:36.218Z'
}
{
  level: 'info',
  message: 'server is up and running at port 8000',
  timestamp: '2021-07-05T17:43:43.387Z'
}
{
  level: 'info',
  message: 'server is up and running at port 8000',
  timestamp: '2021-07-05T17:44:02.648Z'
}
{
  level: 'info',
  message: 'server is up and running at port 8000',
  timestamp: '2021-07-05T17:44:54.952Z'
}
{
  level: 'info',
  message: 'server is up and running at port 8000',
  timestamp: '2021-07-05T17:46:23.575Z'
}
{
  level: 'info',
  message: 'server is up and running at port 8000',
  timestamp: '2021-07-05T17:46:59.952Z'
}
{
  level: 'info',
  message: 'server is up and running at port 8000',
  timestamp: '2021-07-05T17:51:30.071Z'
}
{
  level: 'info',
  message: 'server is up and running at port 8000',
  timestamp: '2021-07-05T17:51:47.495Z'
}
{
  level: 'info',
  message: 'server is up and running at port 8000',
  timestamp: '2021-07-05T17:53:01.028Z'
}
{
  level: 'info',
  message: 'server is up and running at port 8000',
  timestamp: '2021-07-05T17:53:31.406Z'
}
{
  level: 'info',
  message: 'server is up and running at port 8000',
  timestamp: '2021-07-05T17:58:55.590Z'
}
{
  level: 'info',
  message: 'server is up and running at port 8000',
  timestamp: '2021-07-05T17:59:20.845Z'
}
{
  level: 'info',
  message: 'server is up and running at port 8000',
  timestamp: '2021-07-05T18:01:30.471Z'
}
{
  level: 'info',
  message: 'server is up and running at port 8000',
  timestamp: '2021-07-05T18:01:50.483Z'
}
{
  level: 'info',
  message: 'server is up and running at port 8000',
  timestamp: '2021-07-05T18:03:41.417Z'
}
{
  level: 'info',
  message: 'server is up and running at port 8000',
  timestamp: '2021-07-05T18:04:34.110Z'
}
{
  level: 'info',
  message: 'server is up and running at port 8000',
  timestamp: '2021-07-05T18:05:06.069Z'
}
{
  level: 'info',
  message: 'server is up and running at port 8000',
  timestamp: '2021-07-05T18:05:51.079Z'
}
{
  level: 'info',
  message: 'server is up and running at port 8000',
  timestamp: '2021-07-05T18:06:12.560Z'
}
{
  level: 'info',
  message: 'server is up and running at port 8000',
  timestamp: '2021-07-05T18:07:15.461Z'
}
